<?xml version="1.0" encoding="UTF-8"?>
<testng-results skipped="0" failed="0" total="1" passed="1">
  <reporter-output>
  </reporter-output>
  <suite name="Default suite" duration-ms="2536" started-at="2016-02-28T03:17:08Z" finished-at="2016-02-28T03:17:10Z">
    <groups>
    </groups>
    <test name="Default test" duration-ms="2536" started-at="2016-02-28T03:17:08Z" finished-at="2016-02-28T03:17:10Z">
      <class name="com.selenium.NewTest">
        <test-method status="PASS" signature="beforeMethod()[pri:0, instance:com.selenium.NewTest@38467116]" name="beforeMethod" is-config="true" duration-ms="4" started-at="2016-02-27T19:17:08Z" finished-at="2016-02-27T19:17:08Z">
          <reporter-output>
          </reporter-output>
        </test-method> <!-- beforeMethod -->
        <test-method status="PASS" signature="f()[pri:0, instance:com.selenium.NewTest@38467116]" name="f" duration-ms="2520" started-at="2016-02-27T19:17:08Z" finished-at="2016-02-27T19:17:10Z">
          <reporter-output>
          </reporter-output>
        </test-method> <!-- f -->
        <test-method status="PASS" signature="afterMethod()[pri:0, instance:com.selenium.NewTest@38467116]" name="afterMethod" is-config="true" duration-ms="0" started-at="2016-02-27T19:17:10Z" finished-at="2016-02-27T19:17:10Z">
          <reporter-output>
          </reporter-output>
        </test-method> <!-- afterMethod -->
      </class> <!-- com.selenium.NewTest -->
    </test> <!-- Default test -->
  </suite> <!-- Default suite -->
</testng-results>
